#! c:/iverilog/bin/vvp
:ivl_version "0.10.0 (devel)" "(s20130827)";
:ivl_delay_selection "TYPICAL";
:vpi_time_precision + 0;
:vpi_module "system";
:vpi_module "vhdl_sys";
:vpi_module "v2005_math";
:vpi_module "va_math";
S_01025328 .scope module, "test" "test" 2 7;
 .timescale 0 0;
v0102EE28_0 .var "a", 0 0;
v0102EE80_0 .net "abc", 0 0, L_0102EF88;  1 drivers
v0102EED8_0 .var "b", 0 0;
v0102EF30_0 .var "c", 0 0;
S_01021E78 .scope module, "g" "XOR" 2 10, 2 1 0, S_01025328;
 .timescale 0 0;
    .port_info 0 /INPUT 1 "a"
    .port_info 1 /INPUT 1 "b"
    .port_info 2 /INPUT 1 "c"
    .port_info 3 /OUTPUT 1 "abc"
L_01021FF8 .functor XOR 1, v0102EE28_0, v0102EED8_0, C4<0>, C4<0>;
L_0102EF88 .functor XOR 1, L_01021FF8, v0102EF30_0, C4<0>, C4<0>;
v010253F8_0 .net "a", 0 0, v0102EE28_0;  1 drivers
v01029758_0 .net "ab", 0 0, L_01021FF8;  1 drivers
v010297B0_0 .net "abc", 0 0, L_0102EF88;  alias, 1 drivers
v01021F48_0 .net "b", 0 0, v0102EED8_0;  1 drivers
v01021FA0_0 .net "c", 0 0, v0102EF30_0;  1 drivers
    .scope S_01025328;
T_0 ;
    %set/v v0102EE28_0, 0, 1;
    %set/v v0102EED8_0, 0, 1;
    %set/v v0102EF30_0, 0, 1;
    %end;
    .thread T_0;
    .scope S_01025328;
T_1 ;
    %delay 50, 0;
    %load/v 8, v0102EE28_0, 1;
    %pad 9, 0, 1;
    %addi 8, 1, 2;
    %set/v v0102EE28_0, 8, 1;
    %vpi_call 2 19 "$monitor", "%4dns monitor: a=%d b=%d c=%d a^b^c=%d", $stime, v0102EE28_0, v0102EED8_0, v0102EF30_0, v0102EE80_0 {0 0};
    %jmp T_1;
    .thread T_1;
    .scope S_01025328;
T_2 ;
    %delay 100, 0;
    %load/v 8, v0102EED8_0, 1;
    %pad 9, 0, 1;
    %addi 8, 1, 2;
    %set/v v0102EED8_0, 8, 1;
    %jmp T_2;
    .thread T_2;
    .scope S_01025328;
T_3 ;
    %delay 200, 0;
    %load/v 8, v0102EF30_0, 1;
    %pad 9, 0, 1;
    %addi 8, 1, 2;
    %set/v v0102EF30_0, 8, 1;
    %jmp T_3;
    .thread T_3;
    .scope S_01025328;
T_4 ;
    %delay 2000, 0;
    %vpi_call 2 27 "$finish" {0 0};
    %end;
    .thread T_4;
# The file index is used to find the file name in the following table.
:file_names 3;
    "N/A";
    "<interactive>";
    "XOR.v";
